2024-01-18 15:03:58.688 | INFO     | __main__:<module>:15 - 

 /$$$$$$$$                   /$$      /$$$$$$  /$$$$$$$  /$$$$$$
| $$_____/                  | $$     /$$__  $$| $$__  $$|_  $$_/
| $$    /$$$$$$   /$$$$$$$ /$$$$$$  | $$  | $$| $$  | $$  | $$  
| $$$$$|____  $$ /$$_____/|_  $$_/  | $$$$$$$$| $$$$$$$/  | $$  
| $$__/ /$$$$$$$|  $$$$$$   | $$    | $$__  $$| $$____/   | $$  
| $$   /$$__  $$ |____  $$  | $$ /$$| $$  | $$| $$        | $$  
| $$  |  $$$$$$$ /$$$$$$$/  |  $$$$/| $$  | $$| $$       /$$$$$$
|__/   |_______/|_______/    |___/  |__/  |__/|__/      |______/

            
2024-01-18 15:10:55.637 | INFO     | __main__:<module>:15 - 

 /$$$$$$$$                   /$$      /$$$$$$  /$$$$$$$  /$$$$$$
| $$_____/                  | $$     /$$__  $$| $$__  $$|_  $$_/
| $$    /$$$$$$   /$$$$$$$ /$$$$$$  | $$  | $$| $$  | $$  | $$  
| $$$$$|____  $$ /$$_____/|_  $$_/  | $$$$$$$$| $$$$$$$/  | $$  
| $$__/ /$$$$$$$|  $$$$$$   | $$    | $$__  $$| $$____/   | $$  
| $$   /$$__  $$ |____  $$  | $$ /$$| $$  | $$| $$        | $$  
| $$  |  $$$$$$$ /$$$$$$$/  |  $$$$/| $$  | $$| $$       /$$$$$$
|__/   |_______/|_______/    |___/  |__/  |__/|__/      |______/

            
2024-01-18 15:11:35.502 | INFO     | __main__:<module>:15 - 

 /$$$$$$$$                   /$$      /$$$$$$  /$$$$$$$  /$$$$$$
| $$_____/                  | $$     /$$__  $$| $$__  $$|_  $$_/
| $$    /$$$$$$   /$$$$$$$ /$$$$$$  | $$  | $$| $$  | $$  | $$  
| $$$$$|____  $$ /$$_____/|_  $$_/  | $$$$$$$$| $$$$$$$/  | $$  
| $$__/ /$$$$$$$|  $$$$$$   | $$    | $$__  $$| $$____/   | $$  
| $$   /$$__  $$ |____  $$  | $$ /$$| $$  | $$| $$        | $$  
| $$  |  $$$$$$$ /$$$$$$$/  |  $$$$/| $$  | $$| $$       /$$$$$$
|__/   |_______/|_______/    |___/  |__/  |__/|__/      |______/

            
2024-01-18 15:28:11.728 | INFO     | __main__:<module>:15 - 

 /$$$$$$$$                   /$$      /$$$$$$  /$$$$$$$  /$$$$$$
| $$_____/                  | $$     /$$__  $$| $$__  $$|_  $$_/
| $$    /$$$$$$   /$$$$$$$ /$$$$$$  | $$  | $$| $$  | $$  | $$  
| $$$$$|____  $$ /$$_____/|_  $$_/  | $$$$$$$$| $$$$$$$/  | $$  
| $$__/ /$$$$$$$|  $$$$$$   | $$    | $$__  $$| $$____/   | $$  
| $$   /$$__  $$ |____  $$  | $$ /$$| $$  | $$| $$        | $$  
| $$  |  $$$$$$$ /$$$$$$$/  |  $$$$/| $$  | $$| $$       /$$$$$$
|__/   |_______/|_______/    |___/  |__/  |__/|__/      |______/

            
2024-01-18 15:30:08.576 | INFO     | __main__:<module>:15 - 

 /$$$$$$$$                   /$$      /$$$$$$  /$$$$$$$  /$$$$$$
| $$_____/                  | $$     /$$__  $$| $$__  $$|_  $$_/
| $$    /$$$$$$   /$$$$$$$ /$$$$$$  | $$  | $$| $$  | $$  | $$  
| $$$$$|____  $$ /$$_____/|_  $$_/  | $$$$$$$$| $$$$$$$/  | $$  
| $$__/ /$$$$$$$|  $$$$$$   | $$    | $$__  $$| $$____/   | $$  
| $$   /$$__  $$ |____  $$  | $$ /$$| $$  | $$| $$        | $$  
| $$  |  $$$$$$$ /$$$$$$$/  |  $$$$/| $$  | $$| $$       /$$$$$$
|__/   |_______/|_______/    |___/  |__/  |__/|__/      |______/

            
2024-01-18 15:51:04.760 | INFO     | __main__:<module>:15 - 

 /$$$$$$$$                   /$$      /$$$$$$  /$$$$$$$  /$$$$$$
| $$_____/                  | $$     /$$__  $$| $$__  $$|_  $$_/
| $$    /$$$$$$   /$$$$$$$ /$$$$$$  | $$  | $$| $$  | $$  | $$  
| $$$$$|____  $$ /$$_____/|_  $$_/  | $$$$$$$$| $$$$$$$/  | $$  
| $$__/ /$$$$$$$|  $$$$$$   | $$    | $$__  $$| $$____/   | $$  
| $$   /$$__  $$ |____  $$  | $$ /$$| $$  | $$| $$        | $$  
| $$  |  $$$$$$$ /$$$$$$$/  |  $$$$/| $$  | $$| $$       /$$$$$$
|__/   |_______/|_______/    |___/  |__/  |__/|__/      |______/

            
2024-01-18 16:24:55.317 | INFO     | __main__:<module>:15 - 

 /$$$$$$$$                   /$$      /$$$$$$  /$$$$$$$  /$$$$$$
| $$_____/                  | $$     /$$__  $$| $$__  $$|_  $$_/
| $$    /$$$$$$   /$$$$$$$ /$$$$$$  | $$  | $$| $$  | $$  | $$  
| $$$$$|____  $$ /$$_____/|_  $$_/  | $$$$$$$$| $$$$$$$/  | $$  
| $$__/ /$$$$$$$|  $$$$$$   | $$    | $$__  $$| $$____/   | $$  
| $$   /$$__  $$ |____  $$  | $$ /$$| $$  | $$| $$        | $$  
| $$  |  $$$$$$$ /$$$$$$$/  |  $$$$/| $$  | $$| $$       /$$$$$$
|__/   |_______/|_______/    |___/  |__/  |__/|__/      |______/

            
2024-01-18 17:19:18.919 | INFO     | __main__:<module>:15 - 

 /$$$$$$$$                   /$$      /$$$$$$  /$$$$$$$  /$$$$$$
| $$_____/                  | $$     /$$__  $$| $$__  $$|_  $$_/
| $$    /$$$$$$   /$$$$$$$ /$$$$$$  | $$  | $$| $$  | $$  | $$  
| $$$$$|____  $$ /$$_____/|_  $$_/  | $$$$$$$$| $$$$$$$/  | $$  
| $$__/ /$$$$$$$|  $$$$$$   | $$    | $$__  $$| $$____/   | $$  
| $$   /$$__  $$ |____  $$  | $$ /$$| $$  | $$| $$        | $$  
| $$  |  $$$$$$$ /$$$$$$$/  |  $$$$/| $$  | $$| $$       /$$$$$$
|__/   |_______/|_______/    |___/  |__/  |__/|__/      |______/

            
2024-01-18 17:20:20.866 | INFO     | __main__:<module>:15 - 

 /$$$$$$$$                   /$$      /$$$$$$  /$$$$$$$  /$$$$$$
| $$_____/                  | $$     /$$__  $$| $$__  $$|_  $$_/
| $$    /$$$$$$   /$$$$$$$ /$$$$$$  | $$  | $$| $$  | $$  | $$  
| $$$$$|____  $$ /$$_____/|_  $$_/  | $$$$$$$$| $$$$$$$/  | $$  
| $$__/ /$$$$$$$|  $$$$$$   | $$    | $$__  $$| $$____/   | $$  
| $$   /$$__  $$ |____  $$  | $$ /$$| $$  | $$| $$        | $$  
| $$  |  $$$$$$$ /$$$$$$$/  |  $$$$/| $$  | $$| $$       /$$$$$$
|__/   |_______/|_______/    |___/  |__/  |__/|__/      |______/

            
2024-01-18 17:21:05.416 | INFO     | __main__:<module>:15 - 

 /$$$$$$$$                   /$$      /$$$$$$  /$$$$$$$  /$$$$$$
| $$_____/                  | $$     /$$__  $$| $$__  $$|_  $$_/
| $$    /$$$$$$   /$$$$$$$ /$$$$$$  | $$  | $$| $$  | $$  | $$  
| $$$$$|____  $$ /$$_____/|_  $$_/  | $$$$$$$$| $$$$$$$/  | $$  
| $$__/ /$$$$$$$|  $$$$$$   | $$    | $$__  $$| $$____/   | $$  
| $$   /$$__  $$ |____  $$  | $$ /$$| $$  | $$| $$        | $$  
| $$  |  $$$$$$$ /$$$$$$$/  |  $$$$/| $$  | $$| $$       /$$$$$$
|__/   |_______/|_______/    |___/  |__/  |__/|__/      |______/

            
2024-01-18 17:25:26.629 | INFO     | __main__:<module>:15 - 

 /$$$$$$$$                   /$$      /$$$$$$  /$$$$$$$  /$$$$$$
| $$_____/                  | $$     /$$__  $$| $$__  $$|_  $$_/
| $$    /$$$$$$   /$$$$$$$ /$$$$$$  | $$  | $$| $$  | $$  | $$  
| $$$$$|____  $$ /$$_____/|_  $$_/  | $$$$$$$$| $$$$$$$/  | $$  
| $$__/ /$$$$$$$|  $$$$$$   | $$    | $$__  $$| $$____/   | $$  
| $$   /$$__  $$ |____  $$  | $$ /$$| $$  | $$| $$        | $$  
| $$  |  $$$$$$$ /$$$$$$$/  |  $$$$/| $$  | $$| $$       /$$$$$$
|__/   |_______/|_______/    |___/  |__/  |__/|__/      |______/

            
2024-01-19 14:21:16.913 | INFO     | __main__:<module>:15 - 

 /$$$$$$$$                   /$$      /$$$$$$  /$$$$$$$  /$$$$$$
| $$_____/                  | $$     /$$__  $$| $$__  $$|_  $$_/
| $$    /$$$$$$   /$$$$$$$ /$$$$$$  | $$  | $$| $$  | $$  | $$  
| $$$$$|____  $$ /$$_____/|_  $$_/  | $$$$$$$$| $$$$$$$/  | $$  
| $$__/ /$$$$$$$|  $$$$$$   | $$    | $$__  $$| $$____/   | $$  
| $$   /$$__  $$ |____  $$  | $$ /$$| $$  | $$| $$        | $$  
| $$  |  $$$$$$$ /$$$$$$$/  |  $$$$/| $$  | $$| $$       /$$$$$$
|__/   |_______/|_______/    |___/  |__/  |__/|__/      |______/

            
2024-01-19 16:13:19.181 | INFO     | __main__:<module>:15 - 

 /$$$$$$$$                   /$$      /$$$$$$  /$$$$$$$  /$$$$$$
| $$_____/                  | $$     /$$__  $$| $$__  $$|_  $$_/
| $$    /$$$$$$   /$$$$$$$ /$$$$$$  | $$  | $$| $$  | $$  | $$  
| $$$$$|____  $$ /$$_____/|_  $$_/  | $$$$$$$$| $$$$$$$/  | $$  
| $$__/ /$$$$$$$|  $$$$$$   | $$    | $$__  $$| $$____/   | $$  
| $$   /$$__  $$ |____  $$  | $$ /$$| $$  | $$| $$        | $$  
| $$  |  $$$$$$$ /$$$$$$$/  |  $$$$/| $$  | $$| $$       /$$$$$$
|__/   |_______/|_______/    |___/  |__/  |__/|__/      |______/

            
2024-01-19 16:13:55.563 | INFO     | __main__:<module>:15 - 

 /$$$$$$$$                   /$$      /$$$$$$  /$$$$$$$  /$$$$$$
| $$_____/                  | $$     /$$__  $$| $$__  $$|_  $$_/
| $$    /$$$$$$   /$$$$$$$ /$$$$$$  | $$  | $$| $$  | $$  | $$  
| $$$$$|____  $$ /$$_____/|_  $$_/  | $$$$$$$$| $$$$$$$/  | $$  
| $$__/ /$$$$$$$|  $$$$$$   | $$    | $$__  $$| $$____/   | $$  
| $$   /$$__  $$ |____  $$  | $$ /$$| $$  | $$| $$        | $$  
| $$  |  $$$$$$$ /$$$$$$$/  |  $$$$/| $$  | $$| $$       /$$$$$$
|__/   |_______/|_______/    |___/  |__/  |__/|__/      |______/

            
2024-01-19 16:15:57.432 | INFO     | __main__:<module>:15 - 

 /$$$$$$$$                   /$$      /$$$$$$  /$$$$$$$  /$$$$$$
| $$_____/                  | $$     /$$__  $$| $$__  $$|_  $$_/
| $$    /$$$$$$   /$$$$$$$ /$$$$$$  | $$  | $$| $$  | $$  | $$  
| $$$$$|____  $$ /$$_____/|_  $$_/  | $$$$$$$$| $$$$$$$/  | $$  
| $$__/ /$$$$$$$|  $$$$$$   | $$    | $$__  $$| $$____/   | $$  
| $$   /$$__  $$ |____  $$  | $$ /$$| $$  | $$| $$        | $$  
| $$  |  $$$$$$$ /$$$$$$$/  |  $$$$/| $$  | $$| $$       /$$$$$$
|__/   |_______/|_______/    |___/  |__/  |__/|__/      |______/

            
2024-01-19 16:16:32.423 | INFO     | __main__:<module>:15 - 

 /$$$$$$$$                   /$$      /$$$$$$  /$$$$$$$  /$$$$$$
| $$_____/                  | $$     /$$__  $$| $$__  $$|_  $$_/
| $$    /$$$$$$   /$$$$$$$ /$$$$$$  | $$  | $$| $$  | $$  | $$  
| $$$$$|____  $$ /$$_____/|_  $$_/  | $$$$$$$$| $$$$$$$/  | $$  
| $$__/ /$$$$$$$|  $$$$$$   | $$    | $$__  $$| $$____/   | $$  
| $$   /$$__  $$ |____  $$  | $$ /$$| $$  | $$| $$        | $$  
| $$  |  $$$$$$$ /$$$$$$$/  |  $$$$/| $$  | $$| $$       /$$$$$$
|__/   |_______/|_______/    |___/  |__/  |__/|__/      |______/

            
2024-01-19 16:17:45.804 | INFO     | __main__:<module>:15 - 

 /$$$$$$$$                   /$$      /$$$$$$  /$$$$$$$  /$$$$$$
| $$_____/                  | $$     /$$__  $$| $$__  $$|_  $$_/
| $$    /$$$$$$   /$$$$$$$ /$$$$$$  | $$  | $$| $$  | $$  | $$  
| $$$$$|____  $$ /$$_____/|_  $$_/  | $$$$$$$$| $$$$$$$/  | $$  
| $$__/ /$$$$$$$|  $$$$$$   | $$    | $$__  $$| $$____/   | $$  
| $$   /$$__  $$ |____  $$  | $$ /$$| $$  | $$| $$        | $$  
| $$  |  $$$$$$$ /$$$$$$$/  |  $$$$/| $$  | $$| $$       /$$$$$$
|__/   |_______/|_______/    |___/  |__/  |__/|__/      |______/

            
2024-01-19 16:18:35.489 | INFO     | app.middlewares.access_middleware:dispatch:16 - 403 127.0.0.1 POST http://127.0.0.1:8000/api/v1/users/register 0:00:00.031034
2024-01-19 16:19:29.696 | INFO     | app.middlewares.access_middleware:dispatch:16 - 403 127.0.0.1 POST http://127.0.0.1:8000/api/v1/users/register 0:00:00.003043
2024-01-19 16:19:33.176 | INFO     | app.middlewares.access_middleware:dispatch:17 - 403 127.0.0.1 POST http://127.0.0.1:8000/api/v1/users/register 0:00:00.031458
2024-01-19 16:22:20.239 | INFO     | app.middlewares.access_middleware:dispatch:13 - Request: 2024-01-19 16:22:20.239435+08:00 POST http://127.0.0.1:8000/api/v1/users/register
2024-01-19 16:22:52.427 | INFO     | app.middlewares.access_middleware:dispatch:13 - Request: 2024-01-19 16:22:52.427166+08:00 POST http://127.0.0.1:8000/api/v1/users/register
2024-01-19 16:25:29.850 | INFO     | __main__:<module>:15 - 

 /$$$$$$$$                   /$$      /$$$$$$  /$$$$$$$  /$$$$$$
| $$_____/                  | $$     /$$__  $$| $$__  $$|_  $$_/
| $$    /$$$$$$   /$$$$$$$ /$$$$$$  | $$  | $$| $$  | $$  | $$  
| $$$$$|____  $$ /$$_____/|_  $$_/  | $$$$$$$$| $$$$$$$/  | $$  
| $$__/ /$$$$$$$|  $$$$$$   | $$    | $$__  $$| $$____/   | $$  
| $$   /$$__  $$ |____  $$  | $$ /$$| $$  | $$| $$        | $$  
| $$  |  $$$$$$$ /$$$$$$$/  |  $$$$/| $$  | $$| $$       /$$$$$$
|__/   |_______/|_______/    |___/  |__/  |__/|__/      |______/

            
2024-01-19 16:25:37.774 | INFO     | app.middlewares.access_middleware:dispatch:13 - Request: 2024-01-19 16:25:37.774742+08:00 POST http://127.0.0.1:8000/api/v1/users/register
2024-01-19 16:26:11.028 | INFO     | app.middlewares.access_middleware:dispatch:13 - Request: 2024-01-19 16:26:11.028822+08:00 POST http://127.0.0.1:8000/api/v1/users/register
2024-01-19 16:29:11.289 | INFO     | __main__:<module>:15 - 

 /$$$$$$$$                   /$$      /$$$$$$  /$$$$$$$  /$$$$$$
| $$_____/                  | $$     /$$__  $$| $$__  $$|_  $$_/
| $$    /$$$$$$   /$$$$$$$ /$$$$$$  | $$  | $$| $$  | $$  | $$  
| $$$$$|____  $$ /$$_____/|_  $$_/  | $$$$$$$$| $$$$$$$/  | $$  
| $$__/ /$$$$$$$|  $$$$$$   | $$    | $$__  $$| $$____/   | $$  
| $$   /$$__  $$ |____  $$  | $$ /$$| $$  | $$| $$        | $$  
| $$  |  $$$$$$$ /$$$$$$$/  |  $$$$/| $$  | $$| $$       /$$$$$$
|__/   |_______/|_______/    |___/  |__/  |__/|__/      |______/

            
2024-01-19 16:29:15.764 | INFO     | app.middlewares.access_middleware:dispatch:13 - Request: 2024-01-19 16:29:15.764661+08:00 POST http://127.0.0.1:8000/api/v1/users/register
2024-01-19 16:29:59.720 | INFO     | app.middlewares.access_middleware:dispatch:13 - Request: 2024-01-19 16:29:59.720549+08:00 POST http://127.0.0.1:8000/api/v1/users/register
2024-01-19 16:31:50.343 | INFO     | app.middlewares.access_middleware:dispatch:13 - Request: 2024-01-19 16:31:50.343986+08:00 POST http://127.0.0.1:8000/api/v1/users/register
2024-01-19 16:33:24.828 | INFO     | app.middlewares.access_middleware:dispatch:13 - Request: 2024-01-19 16:33:24.828708+08:00 POST http://127.0.0.1:8000/api/v1/users/register
2024-01-19 16:34:03.708 | INFO     | app.middlewares.access_middleware:dispatch:13 - Request: 2024-01-19 16:34:03.708175+08:00 POST http://127.0.0.1:8000/api/v1/users/register
2024-01-19 16:34:04.873 | INFO     | app.middlewares.access_middleware:dispatch:13 - Request: 2024-01-19 16:34:04.873477+08:00 POST http://127.0.0.1:8000/api/v1/users/register
2024-01-19 16:34:54.191 | INFO     | app.middlewares.access_middleware:dispatch:13 - Request: 2024-01-19 16:34:54.191764+08:00 POST http://127.0.0.1:8000/api/v1/users/register
2024-01-19 16:37:54.797 | INFO     | app.middlewares.access_middleware:dispatch:13 - Request: 2024-01-19 16:37:54.797779+08:00 POST http://127.0.0.1:8000/api/v1/users/register
2024-01-19 16:37:58.513 | INFO     | app.middlewares.access_middleware:dispatch:13 - Request: 2024-01-19 16:37:58.513871+08:00 POST http://127.0.0.1:8000/api/v1/users/register
2024-01-19 16:38:20.925 | INFO     | __main__:<module>:15 - 

 /$$$$$$$$                   /$$      /$$$$$$  /$$$$$$$  /$$$$$$
| $$_____/                  | $$     /$$__  $$| $$__  $$|_  $$_/
| $$    /$$$$$$   /$$$$$$$ /$$$$$$  | $$  | $$| $$  | $$  | $$  
| $$$$$|____  $$ /$$_____/|_  $$_/  | $$$$$$$$| $$$$$$$/  | $$  
| $$__/ /$$$$$$$|  $$$$$$   | $$    | $$__  $$| $$____/   | $$  
| $$   /$$__  $$ |____  $$  | $$ /$$| $$  | $$| $$        | $$  
| $$  |  $$$$$$$ /$$$$$$$/  |  $$$$/| $$  | $$| $$       /$$$$$$
|__/   |_______/|_______/    |___/  |__/  |__/|__/      |______/

            
2024-01-19 16:38:33.958 | INFO     | app.middlewares.access_middleware:dispatch:13 - Request: 2024-01-19 16:38:33.958666+08:00 POST http://127.0.0.1:8000/api/v1/users/register
2024-01-19 16:39:05.087 | INFO     | app.middlewares.access_middleware:dispatch:13 - Request: 2024-01-19 16:39:05.087646+08:00 POST http://127.0.0.1:8000/api/v1/users/register
2024-01-19 16:39:29.593 | INFO     | app.middlewares.access_middleware:dispatch:13 - Request: 2024-01-19 16:39:29.593565+08:00 POST http://127.0.0.1:8000/api/v1/users/register
2024-01-19 16:40:35.918 | INFO     | app.middlewares.access_middleware:dispatch:13 - Request: 2024-01-19 16:40:35.918995+08:00 POST http://127.0.0.1:8000/api/v1/users/register
2024-01-19 16:42:16.973 | INFO     | app.middlewares.access_middleware:dispatch:13 - Request: 2024-01-19 16:42:16.973075+08:00 POST http://127.0.0.1:8000/api/v1/users/register
2024-01-19 16:42:56.010 | INFO     | app.middlewares.access_middleware:dispatch:13 - Request: 2024-01-19 16:42:56.010660+08:00 POST http://127.0.0.1:8000/api/v1/users/register
2024-01-19 16:46:25.946 | INFO     | app.middlewares.access_middleware:dispatch:13 - Request: 2024-01-19 16:46:25.946733+08:00 POST http://127.0.0.1:8000/api/v1/users/register
2024-01-19 16:47:40.464 | INFO     | app.middlewares.access_middleware:dispatch:13 - Request: 2024-01-19 16:47:40.464028+08:00 POST http://127.0.0.1:8000/api/v1/users/register
2024-01-19 17:04:21.997 | INFO     | app.middlewares.access_middleware:dispatch:13 - Request: 2024-01-19 17:04:21.997034+08:00 POST http://127.0.0.1:8000/api/v1/users/register
2024-01-19 17:05:35.669 | INFO     | app.middlewares.access_middleware:dispatch:13 - Request: 2024-01-19 17:05:35.669927+08:00 POST http://127.0.0.1:8000/api/v1/users/register
2024-01-19 17:05:37.485 | INFO     | app.middlewares.access_middleware:dispatch:13 - Request: 2024-01-19 17:05:37.485254+08:00 POST http://127.0.0.1:8000/api/v1/users/register
2024-01-19 17:05:52.866 | INFO     | __main__:<module>:20 - 

 /$$$$$$$$                   /$$      /$$$$$$  /$$$$$$$  /$$$$$$
| $$_____/                  | $$     /$$__  $$| $$__  $$|_  $$_/
| $$    /$$$$$$   /$$$$$$$ /$$$$$$  | $$  | $$| $$  | $$  | $$  
| $$$$$|____  $$ /$$_____/|_  $$_/  | $$$$$$$$| $$$$$$$/  | $$  
| $$__/ /$$$$$$$|  $$$$$$   | $$    | $$__  $$| $$____/   | $$  
| $$   /$$__  $$ |____  $$  | $$ /$$| $$  | $$| $$        | $$  
| $$  |  $$$$$$$ /$$$$$$$/  |  $$$$/| $$  | $$| $$       /$$$$$$
|__/   |_______/|_______/    |___/  |__/  |__/|__/      |______/

            
2024-01-19 17:05:57.662 | INFO     | app.middlewares.access_middleware:dispatch:13 - Request: 2024-01-19 17:05:57.662040+08:00 POST http://127.0.0.1:8000/api/v1/users/register
2024-01-19 17:05:59.499 | INFO     | app.middlewares.access_middleware:dispatch:13 - Request: 2024-01-19 17:05:59.499361+08:00 POST http://127.0.0.1:8000/api/v1/users/register
2024-01-19 17:06:29.549 | INFO     | app.middlewares.access_middleware:dispatch:13 - Request: 2024-01-19 17:06:29.549389+08:00 POST http://127.0.0.1:8000/api/v1/users/register
2024-01-19 17:07:06.601 | INFO     | app.middlewares.access_middleware:dispatch:13 - Request: 2024-01-19 17:07:06.601501+08:00 POST http://127.0.0.1:8000/api/v1/users/register
2024-01-19 17:08:00.102 | INFO     | app.middlewares.access_middleware:dispatch:13 - Request: 2024-01-19 17:08:00.102390+08:00 POST http://127.0.0.1:8000/api/v1/users/register
2024-01-19 17:11:20.482 | INFO     | app.middlewares.access_middleware:dispatch:13 - Request: 2024-01-19 17:11:20.482363+08:00 POST http://127.0.0.1:8000/api/v1/users/register
2024-01-19 17:11:20.483 | INFO     | app.middlewares.access_middleware:dispatch:13 - Request: 2024-01-19 17:11:20.483379+08:00 GET http://127.0.0.1:8000/api/v1/docs
2024-01-19 17:11:20.648 | INFO     | app.middlewares.access_middleware:dispatch:13 - Request: 2024-01-19 17:11:20.648908+08:00 GET http://127.0.0.1:8000/favicon.ico
2024-01-19 17:11:59.531 | INFO     | __main__:<module>:22 - 

 /$$$$$$$$                   /$$      /$$$$$$  /$$$$$$$  /$$$$$$
| $$_____/                  | $$     /$$__  $$| $$__  $$|_  $$_/
| $$    /$$$$$$   /$$$$$$$ /$$$$$$  | $$  | $$| $$  | $$  | $$  
| $$$$$|____  $$ /$$_____/|_  $$_/  | $$$$$$$$| $$$$$$$/  | $$  
| $$__/ /$$$$$$$|  $$$$$$   | $$    | $$__  $$| $$____/   | $$  
| $$   /$$__  $$ |____  $$  | $$ /$$| $$  | $$| $$        | $$  
| $$  |  $$$$$$$ /$$$$$$$/  |  $$$$/| $$  | $$| $$       /$$$$$$
|__/   |_______/|_______/    |___/  |__/  |__/|__/      |______/

            
2024-01-19 17:12:55.314 | INFO     | __main__:<module>:22 - 

 /$$$$$$$$                   /$$      /$$$$$$  /$$$$$$$  /$$$$$$
| $$_____/                  | $$     /$$__  $$| $$__  $$|_  $$_/
| $$    /$$$$$$   /$$$$$$$ /$$$$$$  | $$  | $$| $$  | $$  | $$  
| $$$$$|____  $$ /$$_____/|_  $$_/  | $$$$$$$$| $$$$$$$/  | $$  
| $$__/ /$$$$$$$|  $$$$$$   | $$    | $$__  $$| $$____/   | $$  
| $$   /$$__  $$ |____  $$  | $$ /$$| $$  | $$| $$        | $$  
| $$  |  $$$$$$$ /$$$$$$$/  |  $$$$/| $$  | $$| $$       /$$$$$$
|__/   |_______/|_______/    |___/  |__/  |__/|__/      |______/

            
2024-01-19 17:16:29.106 | INFO     | __main__:<module>:22 - 

 /$$$$$$$$                   /$$      /$$$$$$  /$$$$$$$  /$$$$$$
| $$_____/                  | $$     /$$__  $$| $$__  $$|_  $$_/
| $$    /$$$$$$   /$$$$$$$ /$$$$$$  | $$  | $$| $$  | $$  | $$  
| $$$$$|____  $$ /$$_____/|_  $$_/  | $$$$$$$$| $$$$$$$/  | $$  
| $$__/ /$$$$$$$|  $$$$$$   | $$    | $$__  $$| $$____/   | $$  
| $$   /$$__  $$ |____  $$  | $$ /$$| $$  | $$| $$        | $$  
| $$  |  $$$$$$$ /$$$$$$$/  |  $$$$/| $$  | $$| $$       /$$$$$$
|__/   |_______/|_______/    |___/  |__/  |__/|__/      |______/

            
2024-01-19 17:18:13.681 | INFO     | __main__:<module>:22 - 

 /$$$$$$$$                   /$$      /$$$$$$  /$$$$$$$  /$$$$$$
| $$_____/                  | $$     /$$__  $$| $$__  $$|_  $$_/
| $$    /$$$$$$   /$$$$$$$ /$$$$$$  | $$  | $$| $$  | $$  | $$  
| $$$$$|____  $$ /$$_____/|_  $$_/  | $$$$$$$$| $$$$$$$/  | $$  
| $$__/ /$$$$$$$|  $$$$$$   | $$    | $$__  $$| $$____/   | $$  
| $$   /$$__  $$ |____  $$  | $$ /$$| $$  | $$| $$        | $$  
| $$  |  $$$$$$$ /$$$$$$$/  |  $$$$/| $$  | $$| $$       /$$$$$$
|__/   |_______/|_______/    |___/  |__/  |__/|__/      |______/

            
2024-01-19 17:25:20.312 | INFO     | __main__:<module>:22 - 

 /$$$$$$$$                   /$$      /$$$$$$  /$$$$$$$  /$$$$$$
| $$_____/                  | $$     /$$__  $$| $$__  $$|_  $$_/
| $$    /$$$$$$   /$$$$$$$ /$$$$$$  | $$  | $$| $$  | $$  | $$  
| $$$$$|____  $$ /$$_____/|_  $$_/  | $$$$$$$$| $$$$$$$/  | $$  
| $$__/ /$$$$$$$|  $$$$$$   | $$    | $$__  $$| $$____/   | $$  
| $$   /$$__  $$ |____  $$  | $$ /$$| $$  | $$| $$        | $$  
| $$  |  $$$$$$$ /$$$$$$$/  |  $$$$/| $$  | $$| $$       /$$$$$$
|__/   |_______/|_______/    |___/  |__/  |__/|__/      |______/

            
2024-01-19 17:25:28.016 | INFO     | app.middlewares.access_middleware:dispatch:15 - Request: 2024-01-19 17:25:28.016345+08:00 GET http://127.0.0.1:8000/api/v1/docs
2024-01-19 17:25:57.798 | INFO     | app.middlewares.access_middleware:dispatch:15 - Request: 2024-01-19 17:25:57.798215+08:00 GET http://127.0.0.1:8000/api/v1/docs
2024-01-19 17:25:58.003 | INFO     | app.middlewares.access_middleware:dispatch:15 - Request: 2024-01-19 17:25:58.003687+08:00 GET http://127.0.0.1:8000/favicon.ico
2024-01-19 17:26:50.504 | INFO     | app.middlewares.access_middleware:dispatch:15 - Request: 2024-01-19 17:26:50.504371+08:00 GET http://127.0.0.1:8000/api/v1/docs
2024-01-19 17:26:50.597 | INFO     | app.middlewares.access_middleware:dispatch:15 - Request: 2024-01-19 17:26:50.597353+08:00 GET http://127.0.0.1:8000/favicon.ico
2024-01-19 17:27:49.645 | INFO     | app.middlewares.access_middleware:dispatch:15 - Request: 2024-01-19 17:27:49.645494+08:00 GET http://127.0.0.1:8000/api/v1/docs
2024-01-19 17:27:49.732 | INFO     | app.middlewares.access_middleware:dispatch:15 - Request: 2024-01-19 17:27:49.732736+08:00 GET http://127.0.0.1:8000/favicon.ico
2024-01-19 17:28:15.667 | INFO     | app.middlewares.access_middleware:dispatch:15 - Request: 2024-01-19 17:28:15.667537+08:00 GET http://127.0.0.1:8000/api/v1/docs
2024-01-19 17:28:17.497 | INFO     | app.middlewares.access_middleware:dispatch:15 - Request: 2024-01-19 17:28:17.484768+08:00 GET http://127.0.0.1:8000/favicon.ico <coroutine object Request.body at 0x000001323A91B680>
2024-01-19 17:28:18.821 | INFO     | app.middlewares.access_middleware:dispatch:15 - Request: 2024-01-19 17:28:18.821911+08:00 GET http://127.0.0.1:8000/api/v1/docs <coroutine object Request.body at 0x000001323A962500>
2024-01-19 17:28:18.898 | INFO     | app.middlewares.access_middleware:dispatch:15 - Request: 2024-01-19 17:28:18.898297+08:00 GET http://127.0.0.1:8000/favicon.ico <coroutine object Request.body at 0x000001323B9CA6C0>
2024-01-19 17:28:31.609 | INFO     | app.middlewares.access_middleware:dispatch:15 - Request: 2024-01-19 17:28:31.608928+08:00 GET http://127.0.0.1:8000/api/v1/docs <coroutine object Request.body at 0x000002228FD6B760>
2024-01-19 17:28:31.694 | INFO     | app.middlewares.access_middleware:dispatch:15 - Request: 2024-01-19 17:28:31.693822+08:00 GET http://127.0.0.1:8000/api/v1/openapi <coroutine object Request.body at 0x000002228FDAE420>
2024-01-19 17:29:26.794 | INFO     | app.middlewares.access_middleware:dispatch:16 - Request: 2024-01-19 17:29:26.794923+08:00 GET http://127.0.0.1:8000/api/v1/docs b''
2024-01-19 17:29:26.898 | INFO     | app.middlewares.access_middleware:dispatch:16 - Request: 2024-01-19 17:29:26.898561+08:00 GET http://127.0.0.1:8000/api/v1/openapi b''
2024-01-19 17:29:34.465 | INFO     | app.middlewares.access_middleware:dispatch:16 - Request: 2024-01-19 17:29:34.465931+08:00 POST http://127.0.0.1:8000/api/v1/users/register b'{\n  "username": "string",\n  "password": "string",\n  "nickname": "string",\n  "email": "user@example.com"\n}'
2024-01-19 17:32:03.205 | INFO     | app.middlewares.access_middleware:dispatch:16 - Request: 2024-01-19 17:32:03.204552+08:00 GET http://127.0.0.1:8000/api/v1/docs 1
2024-01-19 17:32:03.205 | INFO     | app.middlewares.access_middleware:dispatch:16 - Request: 2024-01-19 17:32:03.205568+08:00 GET http://127.0.0.1:8000/api/v1/docs 1
2024-01-19 17:32:03.309 | INFO     | app.middlewares.access_middleware:dispatch:16 - Request: 2024-01-19 17:32:03.309770+08:00 GET http://127.0.0.1:8000/api/v1/openapi 1
2024-01-19 17:32:07.103 | INFO     | app.middlewares.access_middleware:dispatch:16 - Request: 2024-01-19 17:32:07.103594+08:00 GET http://127.0.0.1:8000/api/v1/docs 1
2024-01-19 17:32:07.181 | INFO     | app.middlewares.access_middleware:dispatch:16 - Request: 2024-01-19 17:32:07.181133+08:00 GET http://127.0.0.1:8000/api/v1/openapi 1
2024-01-19 17:34:21.052 | INFO     | app.middlewares.access_middleware:dispatch:16 - Request: 2024-01-19 17:34:21.052869+08:00 GET http://127.0.0.1:8000/api/v1/docs 1
2024-01-19 17:34:21.164 | INFO     | app.middlewares.access_middleware:dispatch:16 - Request: 2024-01-19 17:34:21.164799+08:00 GET http://127.0.0.1:8000/api/v1/openapi 1
2024-01-19 17:34:26.008 | INFO     | app.middlewares.access_middleware:dispatch:16 - Request: 2024-01-19 17:34:26.008279+08:00 GET http://127.0.0.1:8000/api/v1/docs b''
2024-01-19 17:34:26.092 | INFO     | app.middlewares.access_middleware:dispatch:16 - Request: 2024-01-19 17:34:26.092808+08:00 GET http://127.0.0.1:8000/api/v1/openapi b''
2024-01-19 17:34:30.876 | INFO     | app.middlewares.access_middleware:dispatch:16 - Request: 2024-01-19 17:34:30.876219+08:00 GET http://127.0.0.1:8000/api/v1/docs b''
2024-01-19 17:34:30.958 | INFO     | app.middlewares.access_middleware:dispatch:16 - Request: 2024-01-19 17:34:30.958243+08:00 GET http://127.0.0.1:8000/api/v1/openapi b''
2024-01-19 17:34:32.038 | INFO     | app.middlewares.access_middleware:dispatch:16 - Request: 2024-01-19 17:34:32.038522+08:00 GET http://127.0.0.1:8000/api/v1/docs b''
2024-01-19 17:34:32.117 | INFO     | app.middlewares.access_middleware:dispatch:16 - Request: 2024-01-19 17:34:32.117265+08:00 GET http://127.0.0.1:8000/api/v1/openapi b''
2024-01-19 17:34:36.929 | INFO     | app.middlewares.access_middleware:dispatch:16 - Request: 2024-01-19 17:34:36.929475+08:00 POST http://127.0.0.1:8000/api/v1/users/register b'{\n  "username": "string",\n  "password": "string",\n  "nickname": "string",\n  "email": "user@example.com"\n}'
